GasManagementMobi/GasSouth_Mobile/android/app/build/outputs/logs/manifest-merger-debug-report.txt
-- Merging decision tree log ---
manifest
ADDED from src\main\AndroidManifest.xml:1:1-53:12
INJECTED from src\main\AndroidManifest.xml:1:1-53:12
INJECTED from src\main\AndroidManifest.xml:1:1-53:12
INJECTED from src\main\AndroidManifest.xml:1:1-53:12
MERGED from [:@react-native-community_image-editor] AndroidManifest.xml:2:1-9:12
MERGED from [org.webkit:android-jsc:r245459] AndroidManifest.xml:2:1-11:12
MERGED from [:react-native-camera] AndroidManifest.xml:2:1-18:12
MERGED from [:react-native-svg] AndroidManifest.xml:2:1-9:12
MERGED from [:react-native-vector-icons] AndroidManifest.xml:2:1-11:12
MERGED from [:react-native-pager-view] AndroidManifest.xml:2:1-11:12
MERGED from [:react-native-camera-roll_camera-roll] AndroidManifest.xml:2:1-9:12
MERGED from [:react-native-community_async-storage] AndroidManifest.xml:2:1-9:12
MERGED from [:react-native-community_datetimepicker] AndroidManifest.xml:2:1-13:12
MERGED from [:react-native-community_image-editor] AndroidManifest.xml:2:1-9:12
MERGED from [:react-native-community_masked-view] AndroidManifest.xml:2:1-9:12
MERGED from [:react-native-community_netinfo] AndroidManifest.xml:2:1-12:12
MERGED from [:react-native-community_picker] AndroidManifest.xml:2:1-9:12
MERGED from [:react-native-community_slider] AndroidManifest.xml:2:1-9:12
MERGED from [:react-native-background-timer] AndroidManifest.xml:2:1-13:12
MERGED from [:react-native-bluetooth-escpos-printer] AndroidManifest.xml:2:1-16:12
MERGED from [:react-native-fs] AndroidManifest.xml:2:1-13:12
MERGED from [:react-native-gesture-handler] AndroidManifest.xml:2:1-11:12
MERGED from [:react-native-get-location] AndroidManifest.xml:2:1-11:12
MERGED from [:react-native-localize] AndroidManifest.xml:2:1-9:12
MERGED from [:react-native-maps] AndroidManifest.xml:2:1-12:12
MERGED from [:react-native-onesignal] AndroidManifest.xml:2:1-7:12
MERGED from [:react-native-permissions] AndroidManifest.xml:2:1-9:12
MERGED from [:react-native-reanimated] AndroidManifest.xml:2:1-11:12
MERGED from [:react-native-safe-area-context] AndroidManifest.xml:2:1-9:12
MERGED from [:react-native-screens] AndroidManifest.xml:2:1-11:12
MERGED from [:react-native-signature-capture] AndroidManifest.xml:2:1-11:12
MERGED from [:react-native-simple-alarm] AndroidManifest.xml:2:1-11:12
MERGED from [:react-native-view-shot] AndroidManifest.xml:2:1-11:12
MERGED from [com.facebook.react:react-native:0.63.5] AndroidManifest.xml:2:1-13:12
MERGED from [:react-native-image-resizer] AndroidManifest.xml:2:1-11:12
MERGED from [androidx.multidex:multidex:2.0.0] AndroidManifest.xml:17:1-22:12
MERGED from [com.onesignal:OneSignal:4.8.6] AndroidManifest.xml:2:1-136:12
MERGED from [com.google.firebase:firebase-messaging:23.0.0] AndroidManifest.xml:17:1-58:12
MERGED from [com.google.firebase:firebase-datatransport:18.0.0] AndroidManifest.xml:15:1-34:12
MERGED from [com.google.android.datatransport:transport-backend-cct:3.0.0] AndroidManifest.xml:15:1-38:12
MERGED from [com.google.android.datatransport:transport-runtime:3.0.0] AndroidManifest.xml:15:1-41:12
MERGED from [com.google.android.material:material:1.1.0] AndroidManifest.xml:17:1-24:12
MERGED from [androidx.appcompat:appcompat:1.1.0] AndroidManifest.xml:17:1-24:12
MERGED from [androidx.legacy:legacy-support-v4:1.0.0] AndroidManifest.xml:17:1-22:12
MERGED from [androidx.legacy:legacy-support-core-ui:1.0.0] AndroidManifest.xml:17:1-22:12
MERGED from [androidx.swiperefreshlayout:swiperefreshlayout:1.0.0] AndroidManifest.xml:17:1-22:12
MERGED from [com.facebook.fresco:fresco:2.0.0] AndroidManifest.xml:2:1-9:12
MERGED from [com.facebook.fresco:imagepipeline-okhttp3:2.0.0] AndroidManifest.xml:2:1-9:12
MERGED from [com.facebook.fresco:drawee:2.0.0] AndroidManifest.xml:2:1-9:12
MERGED from [com.facebook.fresco:nativeimagefilters:2.0.0] AndroidManifest.xml:2:1-9:12
MERGED from [com.facebook.fresco:imagepipeline:2.0.0] AndroidManifest.xml:2:1-9:12
MERGED from [com.facebook.fresco:nativeimagetranscoder:2.0.0] AndroidManifest.xml:2:1-9:12
MERGED from [com.facebook.fresco:imagepipeline-base:2.0.0] AndroidManifest.xml:2:1-9:12
MERGED from [com.facebook.soloader:soloader:0.9.0] AndroidManifest.xml:2:1-13:12
MERGED from [androidx.exifinterface:exifinterface:1.3.2] AndroidManifest.xml:17:1-24:12
MERGED from [com.google.android.gms:play-services-vision:17.0.2] AndroidManifest.xml:2:1-9:12
MERGED from [androidx.viewpager2:viewpager2:1.0.0] AndroidManifest.xml:17:1-24:12
MERGED from [com.google.android.gms:play-services-maps:17.0.0] AndroidManifest.xml:17:1-38:12
MERGED from [com.google.android.gms:play-services-location:17.0.0] AndroidManifest.xml:2:1-9:12
MERGED from [com.google.android.gms:play-services-vision-common:17.0.2] AndroidManifest.xml:2:1-9:12
MERGED from [com.google.android.gms:play-services-clearcut:16.0.0] AndroidManifest.xml:17:1-24:12
MERGED from [com.google.android.gms:play-services-flags:16.0.1] AndroidManifest.xml:17:1-22:12
MERGED from [com.google.android.gms:play-services-phenotype:16.0.0] AndroidManifest.xml:17:1-24:12
MERGED from [com.google.android.gms:play-services-base:17.0.0] AndroidManifest.xml:17:1-29:12
MERGED from [com.google.android.gms:play-services-cloud-messaging:17.0.0] AndroidManifest.xml:2:1-13:12
MERGED from [com.google.firebase:firebase-installations:17.0.0] AndroidManifest.xml:2:1-24:12
MERGED from [com.google.firebase:firebase-common:20.0.0] AndroidManifest.xml:15:1-40:12
MERGED from [com.google.firebase:firebase-iid-interop:17.1.0] AndroidManifest.xml:2:1-10:12
MERGED from [com.google.firebase:firebase-installations-interop:17.0.0] AndroidManifest.xml:15:1-23:12
MERGED from [com.google.android.gms:play-services-tasks:17.0.0] AndroidManifest.xml:2:1-9:12
MERGED from [com.google.android.gms:play-services-places-placereport:17.0.0] AndroidManifest.xml:17:1-24:12
MERGED from [com.google.android.gms:play-services-stats:17.0.0] AndroidManifest.xml:2:1-9:12
MERGED from [com.google.firebase:firebase-measurement-connector:19.0.0] AndroidManifest.xml:17:1-25:12
MERGED from [com.google.android.gms:play-services-basement:17.0.0] AndroidManifest.xml:17:1-28:12
MERGED from [androidx.fragment:fragment:1.2.1] AndroidManifest.xml:17:1-24:12
MERGED from [androidx.coordinatorlayout:coordinatorlayout:1.1.0] AndroidManifest.xml:17:1-24:12
MERGED from [androidx.browser:browser:1.3.0] AndroidManifest.xml:17:1-24:12
MERGED from [androidx.appcompat:appcompat-resources:1.1.0] AndroidManifest.xml:17:1-24:12
MERGED from [androidx.vectordrawable:vectordrawable-animated:1.1.0] AndroidManifest.xml:17:1-24:12
MERGED from [androidx.interpolator:interpolator:1.0.0] AndroidManifest.xml:17:1-22:12
MERGED from [androidx.media:media:1.0.0] AndroidManifest.xml:17:1-22:12
MERGED from [androidx.legacy:legacy-support-core-utils:1.0.0] AndroidManifest.xml:17:1-22:12
MERGED from [androidx.recyclerview:recyclerview:1.1.0] AndroidManifest.xml:17:1-24:12
MERGED from [androidx.transition:transition:1.2.0] AndroidManifest.xml:17:1-24:12
MERGED from [androidx.vectordrawable:vectordrawable:1.1.0] AndroidManifest.xml:17:1-24:12
MERGED from [androidx.work:work-runtime:2.7.1] AndroidManifest.xml:17:1-145:12
MERGED from [androidx.drawerlayout:drawerlayout:1.0.0] AndroidManifest.xml:17:1-22:12
MERGED from [androidx.viewpager:viewpager:1.0.0] AndroidManifest.xml:17:1-22:12
MERGED from [androidx.loader:loader:1.0.0] AndroidManifest.xml:17:1-22:12
MERGED from [androidx.activity:activity:1.1.0] AndroidManifest.xml:17:1-24:12
MERGED from [androidx.slidingpanelayout:slidingpanelayout:1.0.0] AndroidManifest.xml:17:1-22:12
MERGED from [androidx.customview:customview:1.0.0] AndroidManifest.xml:17:1-22:12
MERGED from [androidx.asynclayoutinflater:asynclayoutinflater:1.0.0] AndroidManifest.xml:17:1-22:12
MERGED from [androidx.core:core:1.6.0] AndroidManifest.xml:17:1-26:12
MERGED from [androidx.versionedparcelable:versionedparcelable:1.1.1] AndroidManifest.xml:17:1-27:12
MERGED from [androidx.cardview:cardview:1.0.0] AndroidManifest.xml:17:1-22:12
MERGED from [androidx.cursoradapter:cursoradapter:1.0.0] AndroidManifest.xml:17:1-22:12
MERGED from [androidx.lifecycle:lifecycle-viewmodel-savedstate:2.2.0] AndroidManifest.xml:17:1-24:12
MERGED from [androidx.lifecycle:lifecycle-viewmodel:2.2.0] AndroidManifest.xml:17:1-24:12
MERGED from [androidx.documentfile:documentfile:1.0.0] AndroidManifest.xml:17:1-22:12
MERGED from [androidx.localbroadcastmanager:localbroadcastmanager:1.0.0] AndroidManifest.xml:17:1-22:12
MERGED from [androidx.print:print:1.0.0] AndroidManifest.xml:17:1-22:12
MERGED from [com.google.android.datatransport:transport-api:3.0.0] AndroidManifest.xml:15:1-22:12
MERGED from [com.google.firebase:firebase-components:17.0.0] AndroidManifest.xml:15:1-23:12
MERGED from [androidx.startup:startup-runtime:1.0.0] AndroidManifest.xml:17:1-33:12
MERGED from [androidx.room:room-runtime:2.2.5] AndroidManifest.xml:17:1-31:12
MERGED from [androidx.sqlite:sqlite-framework:2.1.0] AndroidManifest.xml:17:1-24:12
MERGED from [androidx.sqlite:sqlite:2.1.0] AndroidManifest.xml:17:1-24:12
MERGED from [androidx.lifecycle:lifecycle-service:2.1.0] AndroidManifest.xml:17:1-22:12
MERGED from [androidx.lifecycle:lifecycle-runtime:2.2.0] AndroidManifest.xml:17:1-24:12
MERGED from [androidx.savedstate:savedstate:1.0.0] AndroidManifest.xml:17:1-24:12
MERGED from [androidx.lifecycle:lifecycle-livedata:2.1.0] AndroidManifest.xml:17:1-22:12
MERGED from [androidx.lifecycle:lifecycle-livedata-core:2.2.0] AndroidManifest.xml:17:1-24:12
MERGED from [androidx.arch.core:core-runtime:2.1.0] AndroidManifest.xml:17:1-24:12
MERGED from [com.google.firebase:firebase-encoders-json:18.0.0] AndroidManifest.xml:15:1-23:12
MERGED from [androidx.tracing:tracing:1.0.0] AndroidManifest.xml:17:1-24:12
MERGED from [com.google.maps.android:android-maps-utils:0.5] AndroidManifest.xml:2:1-13:12
MERGED from [com.facebook.fresco:fbcore:2.0.0] AndroidManifest.xml:2:1-9:12
MERGED from [androidx.annotation:annotation-experimental:1.1.0] AndroidManifest.xml:17:1-24:12
INJECTED from src\main\AndroidManifest.xml:1:1-53:12
INJECTED from src\main\AndroidManifest.xml:1:1-53:12
INJECTED from src\main\AndroidManifest.xml:1:1-53:12
	package
		ADDED from src\main\AndroidManifest.xml:2:5-27
		INJECTED from src\main\AndroidManifest.xml
		INJECTED from src\main\AndroidManifest.xml
	android:versionName
		INJECTED from src\main\AndroidManifest.xml
		ADDED from src\main\AndroidManifest.xml:1:1-53:12
		INJECTED from src\main\AndroidManifest.xml
	xmlns:tools
		ADDED from src\main\AndroidManifest.xml:1:71-117
	android:versionCode
		INJECTED from src\main\AndroidManifest.xml
		ADDED from src\main\AndroidManifest.xml:1:1-53:12
		INJECTED from src\main\AndroidManifest.xml
	xmlns:android
		ADDED from src\main\AndroidManifest.xml:1:11-69
uses-permission#android.permission.INTERNET
ADDED from src\main\AndroidManifest.xml:4:5-67
MERGED from [:react-native-maps] AndroidManifest.xml:9:5-67
MERGED from [:react-native-maps] AndroidManifest.xml:9:5-67
MERGED from [com.onesignal:OneSignal:4.8.6] AndroidManifest.xml:17:5-67
MERGED from [com.onesignal:OneSignal:4.8.6] AndroidManifest.xml:17:5-67
MERGED from [com.google.android.datatransport:transport-backend-cct:3.0.0] AndroidManifest.xml:26:5-67
MERGED from [com.google.android.datatransport:transport-backend-cct:3.0.0] AndroidManifest.xml:26:5-67
MERGED from [com.google.android.gms:play-services-maps:17.0.0] AndroidManifest.xml:24:5-67
MERGED from [com.google.android.gms:play-services-maps:17.0.0] AndroidManifest.xml:24:5-67
MERGED from [com.google.android.gms:play-services-cloud-messaging:17.0.0] AndroidManifest.xml:8:5-67
MERGED from [com.google.android.gms:play-services-cloud-messaging:17.0.0] AndroidManifest.xml:8:5-67
MERGED from [com.google.firebase:firebase-installations:17.0.0] AndroidManifest.xml:11:5-67
MERGED from [com.google.firebase:firebase-installations:17.0.0] AndroidManifest.xml:11:5-67
	android:name
		ADDED from src\main\AndroidManifest.xml:4:22-64
uses-permission#android.permission.SYSTEM_ALERT_WINDOW
ADDED from src\main\AndroidManifest.xml:5:5-77
	android:name
		ADDED from src\main\AndroidManifest.xml:5:22-75
uses-permission#android.permission.RECORD_AUDIO
ADDED from src\main\AndroidManifest.xml:6:5-70
	android:name
		ADDED from src\main\AndroidManifest.xml:6:22-68
uses-permission#android.permission.RECORD_VIDEO
ADDED from src\main\AndroidManifest.xml:7:5-70
	android:name
		ADDED from src\main\AndroidManifest.xml:7:22-68
uses-permission#android.permission.READ_EXTERNAL_STORAGE
ADDED from src\main\AndroidManifest.xml:8:5-9:34
	android:maxSdkVersion
		ADDED from src\main\AndroidManifest.xml:9:5-31
	android:name
		ADDED from src\main\AndroidManifest.xml:8:22-77
uses-permission#android.permission.WRITE_EXTERNAL_STORAGE
ADDED from src\main\AndroidManifest.xml:10:5-81
MERGED from [:react-native-fs] AndroidManifest.xml:11:5-81
MERGED from [:react-native-fs] AndroidManifest.xml:11:5-81
	android:name
		ADDED from src\main\AndroidManifest.xml:10:22-78
uses-permission#android.permission.ACCESS_NETWORK_STATE
ADDED from src\main\AndroidManifest.xml:11:5-79
MERGED from [:react-native-community_netinfo] AndroidManifest.xml:9:5-79
MERGED from [:react-native-community_netinfo] AndroidManifest.xml:9:5-79
MERGED from [com.onesignal:OneSignal:4.8.6] AndroidManifest.xml:25:5-79
MERGED from [com.onesignal:OneSignal:4.8.6] AndroidManifest.xml:25:5-79
MERGED from [com.google.firebase:firebase-messaging:23.0.0] AndroidManifest.xml:22:5-79
MERGED from [com.google.firebase:firebase-messaging:23.0.0] AndroidManifest.xml:22:5-79
MERGED from [com.google.android.datatransport:transport-backend-cct:3.0.0] AndroidManifest.xml:25:5-79
MERGED from [com.google.android.datatransport:transport-backend-cct:3.0.0] AndroidManifest.xml:25:5-79
MERGED from [com.google.android.datatransport:transport-runtime:3.0.0] AndroidManifest.xml:22:5-79
MERGED from [com.google.android.datatransport:transport-runtime:3.0.0] AndroidManifest.xml:22:5-79
MERGED from [com.google.android.gms:play-services-maps:17.0.0] AndroidManifest.xml:23:5-79
MERGED from [com.google.android.gms:play-services-maps:17.0.0] AndroidManifest.xml:23:5-79
MERGED from [com.google.android.gms:play-services-cloud-messaging:17.0.0] AndroidManifest.xml:7:5-79
MERGED from [com.google.android.gms:play-services-cloud-messaging:17.0.0] AndroidManifest.xml:7:5-79
MERGED from [com.google.firebase:firebase-installations:17.0.0] AndroidManifest.xml:10:5-79
MERGED from [com.google.firebase:firebase-installations:17.0.0] AndroidManifest.xml:10:5-79
MERGED from [androidx.work:work-runtime:2.7.1] AndroidManifest.xml:26:5-79
MERGED from [androidx.work:work-runtime:2.7.1] AndroidManifest.xml:26:5-79
	android:name
		ADDED from src\main\AndroidManifest.xml:11:22-76
uses-permission#android.permission.CAMERA
ADDED from src\main\AndroidManifest.xml:12:5-65
MERGED from [:react-native-camera] AndroidManifest.xml:9:5-65
MERGED from [:react-native-camera] AndroidManifest.xml:9:5-65
	android:name
		ADDED from src\main\AndroidManifest.xml:12:22-62
uses-permission#android.permission.VIBRATE
ADDED from src\main\AndroidManifest.xml:13:5-65
MERGED from [com.onesignal:OneSignal:4.8.6] AndroidManifest.xml:24:5-66
MERGED from [com.onesignal:OneSignal:4.8.6] AndroidManifest.xml:24:5-66
	android:name
		ADDED from src\main\AndroidManifest.xml:13:22-63
uses-permission#android.permission.READ_MEDIA_IMAGES
ADDED from src\main\AndroidManifest.xml:14:5-76
	android:name
		ADDED from src\main\AndroidManifest.xml:14:22-73
uses-permission#android.permission.READ_MEDIA_VIDEO
ADDED from src\main\AndroidManifest.xml:15:5-75
	android:name
		ADDED from src\main\AndroidManifest.xml:15:22-72
uses-permission#android.permission.BLUETOOTH_SCAN
ADDED from src\main\AndroidManifest.xml:18:4-73
	android:name
		ADDED from src\main\AndroidManifest.xml:18:21-69
uses-permission#android.permission.BLUETOOTH_CONNECT
ADDED from src\main\AndroidManifest.xml:19:4-76
	android:name
		ADDED from src\main\AndroidManifest.xml:19:21-72
uses-permission#android.permission.BLUETOOTH
ADDED from src\main\AndroidManifest.xml:21:4-94
MERGED from [:react-native-bluetooth-escpos-printer] AndroidManifest.xml:12:5-68
MERGED from [:react-native-bluetooth-escpos-printer] AndroidManifest.xml:12:5-68
	android:maxSdkVersion
		ADDED from src\main\AndroidManifest.xml:21:65-91
	android:name
		ADDED from src\main\AndroidManifest.xml:21:21-64
uses-permission#android.permission.BLUETOOTH_ADMIN
ADDED from src\main\AndroidManifest.xml:22:4-100
MERGED from [:react-native-bluetooth-escpos-printer] AndroidManifest.xml:11:5-74
MERGED from [:react-native-bluetooth-escpos-printer] AndroidManifest.xml:11:5-74
	android:maxSdkVersion
		ADDED from src\main\AndroidManifest.xml:22:71-97
	android:name
		ADDED from src\main\AndroidManifest.xml:22:21-70
uses-permission#android.permission.BLUETOOTH_ADVERTISE
ADDED from src\main\AndroidManifest.xml:23:4-77
	android:name
		ADDED from src\main\AndroidManifest.xml:23:21-74
uses-permission#android.permission.ACCESS_FINE_LOCATION
ADDED from src\main\AndroidManifest.xml:24:5-78
MERGED from [:react-native-bluetooth-escpos-printer] AndroidManifest.xml:14:5-79
MERGED from [:react-native-bluetooth-escpos-printer] AndroidManifest.xml:14:5-79
	android:name
		ADDED from src\main\AndroidManifest.xml:24:22-76
uses-permission#android.permission.ACCESS_COARSE_LOCATION
ADDED from src\main\AndroidManifest.xml:26:5-81
MERGED from [:react-native-bluetooth-escpos-printer] AndroidManifest.xml:13:5-81
MERGED from [:react-native-bluetooth-escpos-printer] AndroidManifest.xml:13:5-81
MERGED from [:react-native-get-location] AndroidManifest.xml:9:5-81
MERGED from [:react-native-get-location] AndroidManifest.xml:9:5-81
MERGED from [:react-native-maps] AndroidManifest.xml:10:5-81
MERGED from [:react-native-maps] AndroidManifest.xml:10:5-81
	android:name
		ADDED from src\main\AndroidManifest.xml:26:22-78
application
ADDED from src\main\AndroidManifest.xml:29:5-51:19
MERGED from [:react-native-community_datetimepicker] AndroidManifest.xml:11:5-20
MERGED from [:react-native-community_datetimepicker] AndroidManifest.xml:11:5-20
MERGED from [com.facebook.react:react-native:0.63.5] AndroidManifest.xml:11:5-20
MERGED from [com.facebook.react:react-native:0.63.5] AndroidManifest.xml:11:5-20
MERGED from [com.onesignal:OneSignal:4.8.6] AndroidManifest.xml:49:5-134:19
MERGED from [com.onesignal:OneSignal:4.8.6] AndroidManifest.xml:49:5-134:19
MERGED from [com.google.firebase:firebase-messaging:23.0.0] AndroidManifest.xml:27:5-56:19
MERGED from [com.google.firebase:firebase-messaging:23.0.0] AndroidManifest.xml:27:5-56:19
MERGED from [com.google.firebase:firebase-datatransport:18.0.0] AndroidManifest.xml:24:5-32:19
MERGED from [com.google.firebase:firebase-datatransport:18.0.0] AndroidManifest.xml:24:5-32:19
MERGED from [com.google.android.datatransport:transport-backend-cct:3.0.0] AndroidManifest.xml:28:5-36:19
MERGED from [com.google.android.datatransport:transport-backend-cct:3.0.0] AndroidManifest.xml:28:5-36:19
MERGED from [com.google.android.datatransport:transport-runtime:3.0.0] AndroidManifest.xml:25:5-39:19
MERGED from [com.google.android.datatransport:transport-runtime:3.0.0] AndroidManifest.xml:25:5-39:19
MERGED from [com.google.android.material:material:1.1.0] AndroidManifest.xml:22:5-20
MERGED from [com.google.android.material:material:1.1.0] AndroidManifest.xml:22:5-20
MERGED from [com.facebook.soloader:soloader:0.9.0] AndroidManifest.xml:11:5-20
MERGED from [com.facebook.soloader:soloader:0.9.0] AndroidManifest.xml:11:5-20
MERGED from [com.google.android.gms:play-services-vision:17.0.2] AndroidManifest.xml:7:5-20
MERGED from [com.google.android.gms:play-services-vision:17.0.2] AndroidManifest.xml:7:5-20
MERGED from [com.google.android.gms:play-services-maps:17.0.0] AndroidManifest.xml:30:5-36:19
MERGED from [com.google.android.gms:play-services-maps:17.0.0] AndroidManifest.xml:30:5-36:19
MERGED from [com.google.android.gms:play-services-location:17.0.0] AndroidManifest.xml:7:5-20
MERGED from [com.google.android.gms:play-services-location:17.0.0] AndroidManifest.xml:7:5-20
MERGED from [com.google.android.gms:play-services-vision-common:17.0.2] AndroidManifest.xml:7:5-20
MERGED from [com.google.android.gms:play-services-vision-common:17.0.2] AndroidManifest.xml:7:5-20
MERGED from [com.google.android.gms:play-services-clearcut:16.0.0] AndroidManifest.xml:22:5-20
MERGED from [com.google.android.gms:play-services-clearcut:16.0.0] AndroidManifest.xml:22:5-20
MERGED from [com.google.android.gms:play-services-phenotype:16.0.0] AndroidManifest.xml:22:5-20
MERGED from [com.google.android.gms:play-services-phenotype:16.0.0] AndroidManifest.xml:22:5-20
MERGED from [com.google.android.gms:play-services-base:17.0.0] AndroidManifest.xml:22:5-27:19
MERGED from [com.google.android.gms:play-services-base:17.0.0] AndroidManifest.xml:22:5-27:19
MERGED from [com.google.firebase:firebase-installations:17.0.0] AndroidManifest.xml:14:5-22:19
MERGED from [com.google.firebase:firebase-installations:17.0.0] AndroidManifest.xml:14:5-22:19
MERGED from [com.google.firebase:firebase-common:20.0.0] AndroidManifest.xml:25:5-38:19
MERGED from [com.google.firebase:firebase-common:20.0.0] AndroidManifest.xml:25:5-38:19
MERGED from [com.google.firebase:firebase-iid-interop:17.1.0] AndroidManifest.xml:7:5-8:19
MERGED from [com.google.firebase:firebase-iid-interop:17.1.0] AndroidManifest.xml:7:5-8:19
MERGED from [com.google.android.gms:play-services-tasks:17.0.0] AndroidManifest.xml:7:5-20
MERGED from [com.google.android.gms:play-services-tasks:17.0.0] AndroidManifest.xml:7:5-20
MERGED from [com.google.android.gms:play-services-places-placereport:17.0.0] AndroidManifest.xml:22:5-20
MERGED from [com.google.android.gms:play-services-places-placereport:17.0.0] AndroidManifest.xml:22:5-20
MERGED from [com.google.android.gms:play-services-stats:17.0.0] AndroidManifest.xml:7:5-20
MERGED from [com.google.android.gms:play-services-stats:17.0.0] AndroidManifest.xml:7:5-20
MERGED from [com.google.firebase:firebase-measurement-connector:19.0.0] AndroidManifest.xml:22:5-23:19
MERGED from [com.google.firebase:firebase-measurement-connector:19.0.0] AndroidManifest.xml:22:5-23:19
MERGED from [com.google.android.gms:play-services-basement:17.0.0] AndroidManifest.xml:22:5-26:19
MERGED from [com.google.android.gms:play-services-basement:17.0.0] AndroidManifest.xml:22:5-26:19
MERGED from [androidx.work:work-runtime:2.7.1] AndroidManifest.xml:30:5-143:19
MERGED from [androidx.work:work-runtime:2.7.1] AndroidManifest.xml:30:5-143:19
MERGED from [androidx.core:core:1.6.0] AndroidManifest.xml:24:5-89
MERGED from [androidx.core:core:1.6.0] AndroidManifest.xml:24:5-89
MERGED from [androidx.versionedparcelable:versionedparcelable:1.1.1] AndroidManifest.xml:24:5-25:19
MERGED from [androidx.versionedparcelable:versionedparcelable:1.1.1] AndroidManifest.xml:24:5-25:19
MERGED from [androidx.startup:startup-runtime:1.0.0] AndroidManifest.xml:25:5-31:19
MERGED from [androidx.startup:startup-runtime:1.0.0] AndroidManifest.xml:25:5-31:19
MERGED from [androidx.room:room-runtime:2.2.5] AndroidManifest.xml:24:5-29:19
MERGED from [androidx.room:room-runtime:2.2.5] AndroidManifest.xml:24:5-29:19
MERGED from [com.google.maps.android:android-maps-utils:0.5] AndroidManifest.xml:7:5-11:19
MERGED from [com.google.maps.android:android-maps-utils:0.5] AndroidManifest.xml:7:5-11:19
	android:label
		ADDED from src\main\AndroidManifest.xml:31:7-39
	android:appComponentFactory
		ADDED from src\main\AndroidManifest.xml:36:7-47
		REJECTED from [androidx.core:core:1.6.0] AndroidManifest.xml:24:18-86
	android:roundIcon
		ADDED from src\main\AndroidManifest.xml:33:7-46
	android:icon
		ADDED from src\main\AndroidManifest.xml:32:7-41
	android:allowBackup
		ADDED from src\main\AndroidManifest.xml:34:7-34
	android:theme
		ADDED from src\main\AndroidManifest.xml:35:7-38
	tools:replace
		ADDED from src\main\AndroidManifest.xml:37:7-50
	android:usesCleartextTraffic
		ADDED from src\main\AndroidManifest.xml:38:7-42
	android:name
		ADDED from src\main\AndroidManifest.xml:30:7-38
activity#com.gassouth.MainActivity
ADDED from src\main\AndroidManifest.xml:39:7-49:18
	android:label
		ADDED from src\main\AndroidManifest.xml:41:9-41
	android:windowSoftInputMode
		ADDED from src\main\AndroidManifest.xml:43:9-51
	android:exported
		ADDED from src\main\AndroidManifest.xml:44:9-32
	android:configChanges
		ADDED from src\main\AndroidManifest.xml:42:9-79
	android:name
		ADDED from src\main\AndroidManifest.xml:40:9-37
intent-filter#action:name:android.intent.action.MAIN+category:name:android.intent.category.LAUNCHER
ADDED from src\main\AndroidManifest.xml:45:9-48:25
action#android.intent.action.MAIN
ADDED from src\main\AndroidManifest.xml:46:13-65
	android:name
		ADDED from src\main\AndroidManifest.xml:46:21-62
category#android.intent.category.LAUNCHER
ADDED from src\main\AndroidManifest.xml:47:13-73
	android:name
		ADDED from src\main\AndroidManifest.xml:47:23-70
activity#com.facebook.react.devsupport.DevSettingsActivity
ADDED from src\main\AndroidManifest.xml:50:7-108
	android:exported
		ADDED from src\main\AndroidManifest.xml:50:82-106
	android:name
		ADDED from src\main\AndroidManifest.xml:50:17-81
uses-sdk
INJECTED from src\main\AndroidManifest.xml reason: use-sdk injection requested
INJECTED from src\main\AndroidManifest.xml
INJECTED from src\main\AndroidManifest.xml
MERGED from [:@react-native-community_image-editor] AndroidManifest.xml:5:5-7:41
MERGED from [:@react-native-community_image-editor] AndroidManifest.xml:5:5-7:41
MERGED from [org.webkit:android-jsc:r245459] AndroidManifest.xml:7:5-9:41
MERGED from [org.webkit:android-jsc:r245459] AndroidManifest.xml:7:5-9:41
MERGED from [:react-native-camera] AndroidManifest.xml:5:5-7:41
MERGED from [:react-native-camera] AndroidManifest.xml:5:5-7:41
MERGED from [:react-native-svg] AndroidManifest.xml:5:5-7:41
MERGED from [:react-native-svg] AndroidManifest.xml:5:5-7:41
MERGED from [:react-native-vector-icons] AndroidManifest.xml:7:5-9:41
MERGED from [:react-native-vector-icons] AndroidManifest.xml:7:5-9:41
MERGED from [:react-native-pager-view] AndroidManifest.xml:7:5-9:41
MERGED from [:react-native-pager-view] AndroidManifest.xml:7:5-9:41
MERGED from [:react-native-camera-roll_camera-roll] AndroidManifest.xml:5:5-7:41
MERGED from [:react-native-camera-roll_camera-roll] AndroidManifest.xml:5:5-7:41
MERGED from [:react-native-community_async-storage] AndroidManifest.xml:5:5-7:41
MERGED from [:react-native-community_async-storage] AndroidManifest.xml:5:5-7:41
MERGED from [:react-native-community_datetimepicker] AndroidManifest.xml:7:5-9:41
MERGED from [:react-native-community_datetimepicker] AndroidManifest.xml:7:5-9:41
MERGED from [:react-native-community_image-editor] AndroidManifest.xml:5:5-7:41
MERGED from [:react-native-community_image-editor] AndroidManifest.xml:5:5-7:41
MERGED from [:react-native-community_masked-view] AndroidManifest.xml:5:5-7:41
MERGED from [:react-native-community_masked-view] AndroidManifest.xml:5:5-7:41
MERGED from [:react-native-community_netinfo] AndroidManifest.xml:5:5-7:41
MERGED from [:react-native-community_netinfo] AndroidManifest.xml:5:5-7:41
MERGED from [:react-native-community_picker] AndroidManifest.xml:5:5-7:41
MERGED from [:react-native-community_picker] AndroidManifest.xml:5:5-7:41
MERGED from [:react-native-community_slider] AndroidManifest.xml:5:5-7:41
MERGED from [:react-native-community_slider] AndroidManifest.xml:5:5-7:41
MERGED from [:react-native-background-timer] AndroidManifest.xml:7:5-9:41
MERGED from [:react-native-background-timer] AndroidManifest.xml:7:5-9:41
MERGED from [:react-native-bluetooth-escpos-printer] AndroidManifest.xml:7:5-9:41
MERGED from [:react-native-bluetooth-escpos-printer] AndroidManifest.xml:7:5-9:41
MERGED from [:react-native-fs] AndroidManifest.xml:7:5-9:41
MERGED from [:react-native-fs] AndroidManifest.xml:7:5-9:41
MERGED from [:react-native-gesture-handler] AndroidManifest.xml:7:5-9:41
MERGED from [:react-native-gesture-handler] AndroidManifest.xml:7:5-9:41
MERGED from [:react-native-get-location] AndroidManifest.xml:5:5-7:41
MERGED from [:react-native-get-location] AndroidManifest.xml:5:5-7:41
MERGED from [:react-native-localize] AndroidManifest.xml:5:5-7:41
MERGED from [:react-native-localize] AndroidManifest.xml:5:5-7:41
MERGED from [:react-native-maps] AndroidManifest.xml:5:5-7:41
MERGED from [:react-native-maps] AndroidManifest.xml:5:5-7:41
MERGED from [:react-native-onesignal] AndroidManifest.xml:5:5-44
MERGED from [:react-native-onesignal] AndroidManifest.xml:5:5-44
MERGED from [:react-native-permissions] AndroidManifest.xml:5:5-7:41
MERGED from [:react-native-permissions] AndroidManifest.xml:5:5-7:41
MERGED from [:react-native-reanimated] AndroidManifest.xml:7:5-9:41
MERGED from [:react-native-reanimated] AndroidManifest.xml:7:5-9:41
MERGED from [:react-native-safe-area-context] AndroidManifest.xml:5:5-7:41
MERGED from [:react-native-safe-area-context] AndroidManifest.xml:5:5-7:41
MERGED from [:react-native-screens] AndroidManifest.xml:7:5-9:41
MERGED from [:react-native-screens] AndroidManifest.xml:7:5-9:41
MERGED from [:react-native-signature-capture] AndroidManifest.xml:7:5-9:41
MERGED from [:react-native-signature-capture] AndroidManifest.xml:7:5-9:41
MERGED from [:react-native-simple-alarm] AndroidManifest.xml:7:5-9:41
MERGED from [:react-native-simple-alarm] AndroidManifest.xml:7:5-9:41
MERGED from [:react-native-view-shot] AndroidManifest.xml:7:5-9:41
MERGED from [:react-native-view-shot] AndroidManifest.xml:7:5-9:41
MERGED from [com.facebook.react:react-native:0.63.5] AndroidManifest.xml:7:5-9:41
MERGED from [com.facebook.react:react-native:0.63.5] AndroidManifest.xml:7:5-9:41
MERGED from [:react-native-image-resizer] AndroidManifest.xml:7:5-9:41
MERGED from [:react-native-image-resizer] AndroidManifest.xml:7:5-9:41
MERGED from [androidx.multidex:multidex:2.0.0] AndroidManifest.xml:20:5-43
MERGED from [androidx.multidex:multidex:2.0.0] AndroidManifest.xml:20:5-43